<?xml version="1.0" encoding="UTF-8"?>
<!-- Generated by org.testng.reporters.JUnitReportReporter -->
<testsuite skipped="0" hostname="DESKTOP-C8BLRTK" name="runner.TestRunner" tests="40" failures="0" timestamp="01 Jun 2019 17:08:34 GMT" time="1892.130" errors="39">
  <testcase name="setUpClass_test" time="0.000" classname="runner.TestRunner"/>
  <testcase name="runScenario" time="45.345" classname="runner.TestRunner">
    <error type="java.lang.NullPointerException">
      <![CDATA[java.lang.NullPointerException
at com.nielsen.cucumbertestngframework.TestExecutor.goToNanoTab(TestExecutor.java:437)
at com.nielsen.cucumbertestngframework.TestExecutor.loginToPortal(TestExecutor.java:343)
at stepdefs.BaseStepDefs.iLoggedInToPortalAndGoToTab(BaseStepDefs.java:54)
at ✽.I logged in to Portal and go to "NANO" tab(resources\Feature\NanoPortal.feature:7)
]]>
    </error>
  </testcase> <!-- runScenario -->
  <testcase name="runScenario" time="45.095" classname="runner.TestRunner">
    <error type="java.lang.NullPointerException">
      <![CDATA[java.lang.NullPointerException
at com.nielsen.cucumbertestngframework.TestExecutor.goToNanoTab(TestExecutor.java:437)
at com.nielsen.cucumbertestngframework.TestExecutor.loginToPortal(TestExecutor.java:343)
at stepdefs.BaseStepDefs.iLoggedInToPortalAndGoToTab(BaseStepDefs.java:54)
at ✽.I logged in to Portal and go to "NANO" tab(resources\Feature\NanoPortal.feature:7)
]]>
    </error>
  </testcase> <!-- runScenario -->
  <testcase name="runScenario" time="45.070" classname="runner.TestRunner">
    <error type="java.lang.NullPointerException">
      <![CDATA[java.lang.NullPointerException
at com.nielsen.cucumbertestngframework.TestExecutor.goToNanoTab(TestExecutor.java:437)
at com.nielsen.cucumbertestngframework.TestExecutor.loginToPortal(TestExecutor.java:343)
at stepdefs.BaseStepDefs.iLoggedInToPortalAndGoToTab(BaseStepDefs.java:54)
at ✽.I logged in to Portal and go to "NANO" tab(resources\Feature\NanoPortal.feature:7)
]]>
    </error>
  </testcase> <!-- runScenario -->
  <testcase name="runScenario" time="45.108" classname="runner.TestRunner">
    <error type="java.lang.NullPointerException">
      <![CDATA[java.lang.NullPointerException
at com.nielsen.cucumbertestngframework.TestExecutor.goToNanoTab(TestExecutor.java:437)
at com.nielsen.cucumbertestngframework.TestExecutor.loginToPortal(TestExecutor.java:343)
at stepdefs.BaseStepDefs.iLoggedInToPortalAndGoToTab(BaseStepDefs.java:54)
at ✽.I logged in to Portal and go to "NANO" tab(resources\Feature\NanoPortal.feature:7)
]]>
    </error>
  </testcase> <!-- runScenario -->
  <testcase name="runScenario" time="59.622" classname="runner.TestRunner">
    <error type="java.lang.NullPointerException">
      <![CDATA[java.lang.NullPointerException
at com.nielsen.cucumbertestngframework.TestExecutor.goToNanoTab(TestExecutor.java:437)
at com.nielsen.cucumbertestngframework.TestExecutor.loginToPortal(TestExecutor.java:343)
at stepdefs.BaseStepDefs.iLoggedInToPortalAndGoToTab(BaseStepDefs.java:54)
at ✽.I logged in to Portal and go to "NANO" tab(resources\Feature\NanoPortal.feature:7)
]]>
    </error>
  </testcase> <!-- runScenario -->
  <testcase name="runScenario" time="45.067" classname="runner.TestRunner">
    <error type="java.lang.NullPointerException">
      <![CDATA[java.lang.NullPointerException
at com.nielsen.cucumbertestngframework.TestExecutor.goToNanoTab(TestExecutor.java:437)
at com.nielsen.cucumbertestngframework.TestExecutor.loginToPortal(TestExecutor.java:343)
at stepdefs.BaseStepDefs.iLoggedInToPortalAndGoToTab(BaseStepDefs.java:54)
at ✽.I logged in to Portal and go to "NANO" tab(resources\Feature\NanoPortal.feature:7)
]]>
    </error>
  </testcase> <!-- runScenario -->
  <testcase name="runScenario" time="45.051" classname="runner.TestRunner">
    <error type="java.lang.NullPointerException">
      <![CDATA[java.lang.NullPointerException
at com.nielsen.cucumbertestngframework.TestExecutor.goToNanoTab(TestExecutor.java:437)
at com.nielsen.cucumbertestngframework.TestExecutor.loginToPortal(TestExecutor.java:343)
at stepdefs.BaseStepDefs.iLoggedInToPortalAndGoToTab(BaseStepDefs.java:54)
at ✽.I logged in to Portal and go to "NANO" tab(resources\Feature\NanoPortal.feature:7)
]]>
    </error>
  </testcase> <!-- runScenario -->
  <testcase name="runScenario" time="46.423" classname="runner.TestRunner">
    <error type="java.lang.NullPointerException">
      <![CDATA[java.lang.NullPointerException
at com.nielsen.cucumbertestngframework.TestExecutor.goToNanoTab(TestExecutor.java:437)
at com.nielsen.cucumbertestngframework.TestExecutor.loginToPortal(TestExecutor.java:343)
at stepdefs.BaseStepDefs.iLoggedInToPortalAndGoToTab(BaseStepDefs.java:54)
at ✽.I logged in to Portal and go to "NANO" tab(resources\Feature\NanoPortal.feature:7)
]]>
    </error>
  </testcase> <!-- runScenario -->
  <testcase name="runScenario" time="45.050" classname="runner.TestRunner">
    <error type="java.lang.NullPointerException">
      <![CDATA[java.lang.NullPointerException
at com.nielsen.cucumbertestngframework.TestExecutor.goToNanoTab(TestExecutor.java:437)
at com.nielsen.cucumbertestngframework.TestExecutor.loginToPortal(TestExecutor.java:343)
at stepdefs.BaseStepDefs.iLoggedInToPortalAndGoToTab(BaseStepDefs.java:54)
at ✽.I logged in to Portal and go to "NANO" tab(resources\Feature\NanoPortal.feature:7)
]]>
    </error>
  </testcase> <!-- runScenario -->
  <testcase name="runScenario" time="53.558" classname="runner.TestRunner">
    <error type="java.lang.NullPointerException">
      <![CDATA[java.lang.NullPointerException
at com.nielsen.cucumbertestngframework.TestExecutor.goToNanoTab(TestExecutor.java:437)
at com.nielsen.cucumbertestngframework.TestExecutor.loginToPortal(TestExecutor.java:343)
at stepdefs.BaseStepDefs.iLoggedInToPortalAndGoToTab(BaseStepDefs.java:54)
at ✽.I logged in to Portal and go to "NANO" tab(resources\Feature\NanoPortal.feature:7)
]]>
    </error>
  </testcase> <!-- runScenario -->
  <testcase name="runScenario" time="45.063" classname="runner.TestRunner">
    <error type="java.lang.NullPointerException">
      <![CDATA[java.lang.NullPointerException
at com.nielsen.cucumbertestngframework.TestExecutor.goToNanoTab(TestExecutor.java:437)
at com.nielsen.cucumbertestngframework.TestExecutor.loginToPortal(TestExecutor.java:343)
at stepdefs.BaseStepDefs.iLoggedInToPortalAndGoToTab(BaseStepDefs.java:54)
at ✽.I logged in to Portal and go to "NANO" tab(resources\Feature\NanoPortal.feature:7)
]]>
    </error>
  </testcase> <!-- runScenario -->
  <testcase name="runScenario" time="45.087" classname="runner.TestRunner">
    <error type="java.lang.NullPointerException">
      <![CDATA[java.lang.NullPointerException
at com.nielsen.cucumbertestngframework.TestExecutor.goToNanoTab(TestExecutor.java:437)
at com.nielsen.cucumbertestngframework.TestExecutor.loginToPortal(TestExecutor.java:343)
at stepdefs.BaseStepDefs.iLoggedInToPortalAndGoToTab(BaseStepDefs.java:54)
at ✽.I logged in to Portal and go to "NANO" tab(resources\Feature\NanoPortal.feature:7)
]]>
    </error>
  </testcase> <!-- runScenario -->
  <testcase name="runScenario" time="45.079" classname="runner.TestRunner">
    <error type="java.lang.NullPointerException">
      <![CDATA[java.lang.NullPointerException
at com.nielsen.cucumbertestngframework.TestExecutor.goToNanoTab(TestExecutor.java:437)
at com.nielsen.cucumbertestngframework.TestExecutor.loginToPortal(TestExecutor.java:343)
at stepdefs.BaseStepDefs.iLoggedInToPortalAndGoToTab(BaseStepDefs.java:54)
at ✽.I logged in to Portal and go to "NANO" tab(resources\Feature\NanoPortal.feature:7)
]]>
    </error>
  </testcase> <!-- runScenario -->
  <testcase name="runScenario" time="45.061" classname="runner.TestRunner">
    <error type="java.lang.NullPointerException">
      <![CDATA[java.lang.NullPointerException
at com.nielsen.cucumbertestngframework.TestExecutor.goToNanoTab(TestExecutor.java:437)
at com.nielsen.cucumbertestngframework.TestExecutor.loginToPortal(TestExecutor.java:343)
at stepdefs.BaseStepDefs.iLoggedInToPortalAndGoToTab(BaseStepDefs.java:54)
at ✽.I logged in to Portal and go to "NANO" tab(resources\Feature\NanoPortal.feature:7)
]]>
    </error>
  </testcase> <!-- runScenario -->
  <testcase name="runScenario" time="45.073" classname="runner.TestRunner">
    <error type="java.lang.NullPointerException">
      <![CDATA[java.lang.NullPointerException
at com.nielsen.cucumbertestngframework.TestExecutor.goToNanoTab(TestExecutor.java:437)
at com.nielsen.cucumbertestngframework.TestExecutor.loginToPortal(TestExecutor.java:343)
at stepdefs.BaseStepDefs.iLoggedInToPortalAndGoToTab(BaseStepDefs.java:54)
at ✽.I logged in to Portal and go to "NANO" tab(resources\Feature\NanoPortal.feature:7)
]]>
    </error>
  </testcase> <!-- runScenario -->
  <testcase name="runScenario" time="53.840" classname="runner.TestRunner">
    <error type="java.lang.NullPointerException">
      <![CDATA[java.lang.NullPointerException
at com.nielsen.cucumbertestngframework.TestExecutor.goToNanoTab(TestExecutor.java:437)
at com.nielsen.cucumbertestngframework.TestExecutor.loginToPortal(TestExecutor.java:343)
at stepdefs.BaseStepDefs.iLoggedInToPortalAndGoToTab(BaseStepDefs.java:54)
at ✽.I logged in to Portal and go to "NANO" tab(resources\Feature\NanoPortal.feature:7)
]]>
    </error>
  </testcase> <!-- runScenario -->
  <testcase name="runScenario" time="45.045" classname="runner.TestRunner">
    <error type="java.lang.NullPointerException">
      <![CDATA[java.lang.NullPointerException
at com.nielsen.cucumbertestngframework.TestExecutor.goToNanoTab(TestExecutor.java:437)
at com.nielsen.cucumbertestngframework.TestExecutor.loginToPortal(TestExecutor.java:343)
at stepdefs.BaseStepDefs.iLoggedInToPortalAndGoToTab(BaseStepDefs.java:54)
at ✽.I logged in to Portal and go to "NANO" tab(resources\Feature\NanoPortal.feature:7)
]]>
    </error>
  </testcase> <!-- runScenario -->
  <testcase name="runScenario" time="45.070" classname="runner.TestRunner">
    <error type="java.lang.NullPointerException">
      <![CDATA[java.lang.NullPointerException
at com.nielsen.cucumbertestngframework.TestExecutor.goToNanoTab(TestExecutor.java:437)
at com.nielsen.cucumbertestngframework.TestExecutor.loginToPortal(TestExecutor.java:343)
at stepdefs.BaseStepDefs.iLoggedInToPortalAndGoToTab(BaseStepDefs.java:54)
at ✽.I logged in to Portal and go to "NANO" tab(resources\Feature\NanoPortal.feature:7)
]]>
    </error>
  </testcase> <!-- runScenario -->
  <testcase name="runScenario" time="45.336" classname="runner.TestRunner">
    <error type="java.lang.NullPointerException">
      <![CDATA[java.lang.NullPointerException
at com.nielsen.cucumbertestngframework.TestExecutor.goToNanoTab(TestExecutor.java:437)
at com.nielsen.cucumbertestngframework.TestExecutor.loginToPortal(TestExecutor.java:343)
at stepdefs.BaseStepDefs.iLoggedInToPortalAndGoToTab(BaseStepDefs.java:54)
at ✽.I logged in to Portal and go to "NANO" tab(resources\Feature\NanoPortal.feature:7)
]]>
    </error>
  </testcase> <!-- runScenario -->
  <testcase name="runScenario" time="52.358" classname="runner.TestRunner">
    <error type="java.lang.NullPointerException">
      <![CDATA[java.lang.NullPointerException
at com.nielsen.cucumbertestngframework.TestExecutor.goToNanoTab(TestExecutor.java:437)
at com.nielsen.cucumbertestngframework.TestExecutor.loginToPortal(TestExecutor.java:343)
at stepdefs.BaseStepDefs.iLoggedInToPortalAndGoToTab(BaseStepDefs.java:54)
at ✽.I logged in to Portal and go to "NANO" tab(resources\Feature\NanoPortal.feature:7)
]]>
    </error>
  </testcase> <!-- runScenario -->
  <testcase name="runScenario" time="55.081" classname="runner.TestRunner">
    <error type="java.lang.NullPointerException">
      <![CDATA[java.lang.NullPointerException
at com.nielsen.cucumbertestngframework.TestExecutor.goToNanoTab(TestExecutor.java:437)
at com.nielsen.cucumbertestngframework.TestExecutor.loginToPortal(TestExecutor.java:343)
at stepdefs.BaseStepDefs.iLoggedInToPortalAndGoToTab(BaseStepDefs.java:54)
at ✽.I logged in to Portal and go to "NANO" tab(resources\Feature\NanoPortal.feature:7)
]]>
    </error>
  </testcase> <!-- runScenario -->
  <testcase name="runScenario" time="52.263" classname="runner.TestRunner">
    <error type="java.lang.NullPointerException">
      <![CDATA[java.lang.NullPointerException
at com.nielsen.cucumbertestngframework.TestExecutor.goToNanoTab(TestExecutor.java:437)
at com.nielsen.cucumbertestngframework.TestExecutor.loginToPortal(TestExecutor.java:343)
at stepdefs.BaseStepDefs.iLoggedInToPortalAndGoToTab(BaseStepDefs.java:54)
at ✽.I logged in to Portal and go to "NANO" tab(resources\Feature\NanoPortal.feature:7)
]]>
    </error>
  </testcase> <!-- runScenario -->
  <testcase name="runScenario" time="53.572" classname="runner.TestRunner">
    <error type="java.lang.NullPointerException">
      <![CDATA[java.lang.NullPointerException
at com.nielsen.cucumbertestngframework.TestExecutor.goToNanoTab(TestExecutor.java:437)
at com.nielsen.cucumbertestngframework.TestExecutor.loginToPortal(TestExecutor.java:343)
at stepdefs.BaseStepDefs.iLoggedInToPortalAndGoToTab(BaseStepDefs.java:54)
at ✽.I logged in to Portal and go to "NANO" tab(resources\Feature\NanoPortal.feature:7)
]]>
    </error>
  </testcase> <!-- runScenario -->
  <testcase name="runScenario" time="63.876" classname="runner.TestRunner">
    <error type="java.lang.NullPointerException">
      <![CDATA[java.lang.NullPointerException
at com.nielsen.cucumbertestngframework.TestExecutor.goToNanoTab(TestExecutor.java:437)
at com.nielsen.cucumbertestngframework.TestExecutor.loginToPortal(TestExecutor.java:343)
at stepdefs.BaseStepDefs.iLoggedInToPortalAndGoToTab(BaseStepDefs.java:54)
at ✽.I logged in to Portal and go to "NANO" tab(resources\Feature\NanoPortal.feature:7)
]]>
    </error>
  </testcase> <!-- runScenario -->
  <testcase name="runScenario" time="55.097" classname="runner.TestRunner">
    <error type="java.lang.NullPointerException">
      <![CDATA[java.lang.NullPointerException
at com.nielsen.cucumbertestngframework.TestExecutor.goToNanoTab(TestExecutor.java:437)
at com.nielsen.cucumbertestngframework.TestExecutor.loginToPortal(TestExecutor.java:343)
at stepdefs.BaseStepDefs.iLoggedInToPortalAndGoToTab(BaseStepDefs.java:54)
at ✽.I logged in to Portal and go to "NANO" tab(resources\Feature\NanoPortal.feature:7)
]]>
    </error>
  </testcase> <!-- runScenario -->
  <testcase name="runScenario" time="45.096" classname="runner.TestRunner">
    <error type="java.lang.NullPointerException">
      <![CDATA[java.lang.NullPointerException
at com.nielsen.cucumbertestngframework.TestExecutor.goToNanoTab(TestExecutor.java:437)
at com.nielsen.cucumbertestngframework.TestExecutor.loginToPortal(TestExecutor.java:343)
at stepdefs.BaseStepDefs.iLoggedInToPortalAndGoToTab(BaseStepDefs.java:54)
at ✽.I logged in to Portal and go to "NANO" tab(resources\Feature\NanoPortal.feature:7)
]]>
    </error>
  </testcase> <!-- runScenario -->
  <testcase name="runScenario" time="53.284" classname="runner.TestRunner">
    <error type="java.lang.NullPointerException">
      <![CDATA[java.lang.NullPointerException
at com.nielsen.cucumbertestngframework.TestExecutor.goToNanoTab(TestExecutor.java:437)
at com.nielsen.cucumbertestngframework.TestExecutor.loginToPortal(TestExecutor.java:343)
at stepdefs.BaseStepDefs.iLoggedInToPortalAndGoToTab(BaseStepDefs.java:54)
at ✽.I logged in to Portal and go to "NANO" tab(resources\Feature\NanoPortal.feature:7)
]]>
    </error>
  </testcase> <!-- runScenario -->
  <testcase name="runScenario" time="45.115" classname="runner.TestRunner">
    <error type="java.lang.NullPointerException">
      <![CDATA[java.lang.NullPointerException
at com.nielsen.cucumbertestngframework.TestExecutor.goToNanoTab(TestExecutor.java:437)
at com.nielsen.cucumbertestngframework.TestExecutor.loginToPortal(TestExecutor.java:343)
at stepdefs.BaseStepDefs.iLoggedInToPortalAndGoToTab(BaseStepDefs.java:54)
at ✽.I logged in to Portal and go to "NANO" tab(resources\Feature\NanoPortal.feature:7)
]]>
    </error>
  </testcase> <!-- runScenario -->
  <testcase name="runScenario" time="45.085" classname="runner.TestRunner">
    <error type="java.lang.NullPointerException">
      <![CDATA[java.lang.NullPointerException
at com.nielsen.cucumbertestngframework.TestExecutor.goToNanoTab(TestExecutor.java:437)
at com.nielsen.cucumbertestngframework.TestExecutor.loginToPortal(TestExecutor.java:343)
at stepdefs.BaseStepDefs.iLoggedInToPortalAndGoToTab(BaseStepDefs.java:54)
at ✽.I logged in to Portal and go to "NANO" tab(resources\Feature\NanoPortal.feature:7)
]]>
    </error>
  </testcase> <!-- runScenario -->
  <testcase name="runScenario" time="45.050" classname="runner.TestRunner">
    <error type="java.lang.NullPointerException">
      <![CDATA[java.lang.NullPointerException
at com.nielsen.cucumbertestngframework.TestExecutor.goToNanoTab(TestExecutor.java:437)
at com.nielsen.cucumbertestngframework.TestExecutor.loginToPortal(TestExecutor.java:343)
at stepdefs.BaseStepDefs.iLoggedInToPortalAndGoToTab(BaseStepDefs.java:54)
at ✽.I logged in to Portal and go to "NANO" tab(resources\Feature\NanoPortal.feature:7)
]]>
    </error>
  </testcase> <!-- runScenario -->
  <testcase name="runScenario" time="45.351" classname="runner.TestRunner">
    <error type="java.lang.NullPointerException">
      <![CDATA[java.lang.NullPointerException
at com.nielsen.cucumbertestngframework.TestExecutor.goToNanoTab(TestExecutor.java:437)
at com.nielsen.cucumbertestngframework.TestExecutor.loginToPortal(TestExecutor.java:343)
at stepdefs.BaseStepDefs.iLoggedInToPortalAndGoToTab(BaseStepDefs.java:54)
at ✽.I logged in to Portal and go to "NANO" tab(resources\Feature\NanoPortal.feature:7)
]]>
    </error>
  </testcase> <!-- runScenario -->
  <testcase name="runScenario" time="55.829" classname="runner.TestRunner">
    <error type="java.lang.NullPointerException">
      <![CDATA[java.lang.NullPointerException
at com.nielsen.cucumbertestngframework.TestExecutor.goToNanoTab(TestExecutor.java:437)
at com.nielsen.cucumbertestngframework.TestExecutor.loginToPortal(TestExecutor.java:343)
at stepdefs.BaseStepDefs.iLoggedInToPortalAndGoToTab(BaseStepDefs.java:54)
at ✽.I logged in to Portal and go to "NANO" tab(resources\Feature\NanoPortal.feature:7)
]]>
    </error>
  </testcase> <!-- runScenario -->
  <testcase name="runScenario" time="45.108" classname="runner.TestRunner">
    <error type="java.lang.NullPointerException">
      <![CDATA[java.lang.NullPointerException
at com.nielsen.cucumbertestngframework.TestExecutor.goToNanoTab(TestExecutor.java:437)
at com.nielsen.cucumbertestngframework.TestExecutor.loginToPortal(TestExecutor.java:343)
at stepdefs.BaseStepDefs.iLoggedInToPortalAndGoToTab(BaseStepDefs.java:54)
at ✽.I logged in to Portal and go to "NANO" tab(resources\Feature\NanoPortal.feature:7)
]]>
    </error>
  </testcase> <!-- runScenario -->
  <testcase name="runScenario" time="46.432" classname="runner.TestRunner">
    <error type="java.lang.NullPointerException">
      <![CDATA[java.lang.NullPointerException
at com.nielsen.cucumbertestngframework.TestExecutor.goToNanoTab(TestExecutor.java:437)
at com.nielsen.cucumbertestngframework.TestExecutor.loginToPortal(TestExecutor.java:343)
at stepdefs.BaseStepDefs.iLoggedInToPortalAndGoToTab(BaseStepDefs.java:54)
at ✽.I logged in to Portal and go to "NANO" tab(resources\Feature\NanoPortal.feature:7)
]]>
    </error>
  </testcase> <!-- runScenario -->
  <testcase name="runScenario" time="53.324" classname="runner.TestRunner">
    <error type="java.lang.NullPointerException">
      <![CDATA[java.lang.NullPointerException
at com.nielsen.cucumbertestngframework.TestExecutor.goToNanoTab(TestExecutor.java:437)
at com.nielsen.cucumbertestngframework.TestExecutor.loginToPortal(TestExecutor.java:343)
at stepdefs.BaseStepDefs.iLoggedInToPortalAndGoToTab(BaseStepDefs.java:54)
at ✽.I logged in to Portal and go to "NANO" tab(resources\Feature\NanoPortal.feature:7)
]]>
    </error>
  </testcase> <!-- runScenario -->
  <testcase name="runScenario" time="54.428" classname="runner.TestRunner">
    <error type="java.lang.NullPointerException">
      <![CDATA[java.lang.NullPointerException
at com.nielsen.cucumbertestngframework.TestExecutor.goToNanoTab(TestExecutor.java:437)
at com.nielsen.cucumbertestngframework.TestExecutor.loginToPortal(TestExecutor.java:343)
at stepdefs.BaseStepDefs.iLoggedInToPortalAndGoToTab(BaseStepDefs.java:54)
at ✽.I logged in to Portal and go to "NANO" tab(resources\Feature\NanoPortal.feature:7)
]]>
    </error>
  </testcase> <!-- runScenario -->
  <testcase name="runScenario" time="45.369" classname="runner.TestRunner">
    <error type="java.lang.NullPointerException">
      <![CDATA[java.lang.NullPointerException
at com.nielsen.cucumbertestngframework.TestExecutor.goToNanoTab(TestExecutor.java:437)
at com.nielsen.cucumbertestngframework.TestExecutor.loginToPortal(TestExecutor.java:343)
at stepdefs.BaseStepDefs.iLoggedInToPortalAndGoToTab(BaseStepDefs.java:54)
at ✽.I logged in to Portal and go to "NANO" tab(resources\Feature\NanoPortal.feature:7)
]]>
    </error>
  </testcase> <!-- runScenario -->
  <testcase name="runScenario" time="45.043" classname="runner.TestRunner">
    <error type="java.lang.NullPointerException">
      <![CDATA[java.lang.NullPointerException
at com.nielsen.cucumbertestngframework.TestExecutor.goToNanoTab(TestExecutor.java:437)
at com.nielsen.cucumbertestngframework.TestExecutor.loginToPortal(TestExecutor.java:343)
at stepdefs.BaseStepDefs.iLoggedInToPortalAndGoToTab(BaseStepDefs.java:54)
at ✽.I logged in to Portal and go to "NANO" tab(resources\Feature\NanoPortal.feature:7)
]]>
    </error>
  </testcase> <!-- runScenario -->
  <testcase name="runScenario" time="45.326" classname="runner.TestRunner">
    <error type="java.lang.NullPointerException">
      <![CDATA[java.lang.NullPointerException
at com.nielsen.cucumbertestngframework.TestExecutor.goToNanoTab(TestExecutor.java:437)
at com.nielsen.cucumbertestngframework.TestExecutor.loginToPortal(TestExecutor.java:343)
at stepdefs.BaseStepDefs.iLoggedInToPortalAndGoToTab(BaseStepDefs.java:54)
at ✽.I logged in to Portal and go to "NANO" tab(resources\Feature\NanoPortal.feature:7)
]]>
    </error>
  </testcase> <!-- runScenario -->
</testsuite> <!-- runner.TestRunner -->
